{"C:\\Users\\MARICRUZ FLORES\\Music\\mi-markets\\mi-markets\\src\\hooks\\useDistricts.ts": {"path":"C:\\Users\\MARICRUZ FLORES\\Music\\mi-markets\\mi-markets\\src\\hooks\\useDistricts.ts","statementMap":{"0":{"start":{"line":3,"column":0},"end":{"line":3,"column":16}},"1":{"start":{"line":1,"column":0},"end":{"line":1,"column":44}},"2":{"start":{"line":4,"column":36},"end":{"line":4,"column":58}},"3":{"start":{"line":6,"column":2},"end":{"line":52,"column":9}},"4":{"start":{"line":7,"column":4},"end":{"line":51,"column":7}},"5":{"start":{"line":54,"column":2},"end":{"line":54,"column":19}}},"fnMap":{"0":{"name":"useDistricts","decl":{"start":{"line":3,"column":16},"end":{"line":3,"column":28}},"loc":{"start":{"line":3,"column":28},"end":{"line":55,"column":1}}},"1":{"name":"(anonymous_1)","decl":{"start":{"line":6,"column":12},"end":{"line":6,"column":15}},"loc":{"start":{"line":6,"column":17},"end":{"line":52,"column":3}}}},"branchMap":{},"s":{"0":0,"1":0,"2":0,"3":0,"4":0,"5":0},"f":{"0":0,"1":0},"b":{}}
,"C:\\Users\\MARICRUZ FLORES\\Music\\mi-markets\\mi-markets\\src\\hooks\\usePagination.ts": {"path":"C:\\Users\\MARICRUZ FLORES\\Music\\mi-markets\\mi-markets\\src\\hooks\\usePagination.ts","statementMap":{"0":{"start":{"line":3,"column":0},"end":{"line":3,"column":16}},"1":{"start":{"line":1,"column":0},"end":{"line":1,"column":42}},"2":{"start":{"line":4,"column":26},"end":{"line":4,"column":37}},"3":{"start":{"line":5,"column":21},"end":{"line":5,"column":68}},"4":{"start":{"line":7,"column":18},"end":{"line":10,"column":29}},"5":{"start":{"line":8,"column":18},"end":{"line":8,"column":39}},"6":{"start":{"line":9,"column":4},"end":{"line":9,"column":48}},"7":{"start":{"line":13,"column":4},"end":{"line":13,"column":53}},"8":{"start":{"line":16,"column":2},"end":{"line":16,"column":54}}},"fnMap":{"0":{"name":"usePagination","decl":{"start":{"line":3,"column":16},"end":{"line":3,"column":29}},"loc":{"start":{"line":3,"column":58},"end":{"line":17,"column":1}}},"1":{"name":"(anonymous_1)","decl":{"start":{"line":7,"column":26},"end":{"line":7,"column":29}},"loc":{"start":{"line":7,"column":31},"end":{"line":10,"column":3}}},"2":{"name":"goTo","decl":{"start":{"line":12,"column":11},"end":{"line":12,"column":15}},"loc":{"start":{"line":12,"column":28},"end":{"line":14,"column":3}}}},"branchMap":{"0":{"loc":{"start":{"line":3,"column":45},"end":{"line":3,"column":58}},"type":"default-arg","locations":[{"start":{"line":3,"column":56},"end":{"line":3,"column":58}}]}},"s":{"0":0,"1":0,"2":0,"3":0,"4":0,"5":0,"6":0,"7":0,"8":0},"f":{"0":0,"1":0,"2":0},"b":{"0":[0]}}
,"C:\\Users\\MARICRUZ FLORES\\Music\\mi-markets\\mi-markets\\src\\services\\api.ts": {"path":"C:\\Users\\MARICRUZ FLORES\\Music\\mi-markets\\mi-markets\\src\\services\\api.ts","statementMap":{"0":{"start":{"line":1,"column":0},"end":{"line":1,"column":22}},"1":{"start":{"line":2,"column":14},"end":{"line":4,"column":null}},"2":{"start":{"line":7,"column":2},"end":{"line":9,"column":3}},"3":{"start":{"line":8,"column":4},"end":{"line":8,"column":44}},"4":{"start":{"line":11,"column":2},"end":{"line":11,"column":20}}},"fnMap":{"0":{"name":"apiFetch","decl":{"start":{"line":1,"column":22},"end":{"line":1,"column":30}},"loc":{"start":{"line":1,"column":68},"end":{"line":12,"column":null}}}},"branchMap":{"0":{"loc":{"start":{"line":7,"column":2},"end":{"line":9,"column":3}},"type":"if","locations":[{"start":{"line":7,"column":2},"end":{"line":9,"column":3}},{"start":{},"end":{}}]}},"s":{"0":0,"1":0,"2":0,"3":0,"4":0},"f":{"0":0},"b":{"0":[0,0]}}
,"C:\\Users\\MARICRUZ FLORES\\Music\\mi-markets\\mi-markets\\src\\test-utils\\mockProduct.ts": {"path":"C:\\Users\\MARICRUZ FLORES\\Music\\mi-markets\\mi-markets\\src\\test-utils\\mockProduct.ts","statementMap":{"0":{"start":{"line":4,"column":27},"end":{"line":11,"column":null}},"1":{"start":{"line":4,"column":74},"end":{"line":11,"column":null}},"2":{"start":{"line":4,"column":13},"end":{"line":4,"column":27}}},"fnMap":{"0":{"name":"(anonymous_0)","decl":{"start":{"line":4,"column":27},"end":{"line":4,"column":28}},"loc":{"start":{"line":4,"column":74},"end":{"line":11,"column":null}}}},"branchMap":{"0":{"loc":{"start":{"line":4,"column":28},"end":{"line":4,"column":60}},"type":"default-arg","locations":[{"start":{"line":4,"column":58},"end":{"line":4,"column":60}}]}},"s":{"0":0,"1":0,"2":0},"f":{"0":0},"b":{"0":[0]}}
,"C:\\Users\\MARICRUZ FLORES\\Music\\mi-markets\\mi-markets\\src\\utils\\mappers.ts": {"path":"C:\\Users\\MARICRUZ FLORES\\Music\\mi-markets\\mi-markets\\src\\utils\\mappers.ts","statementMap":{"0":{"start":{"line":1,"column":0},"end":{"line":1,"column":16}},"1":{"start":{"line":2,"column":2},"end":{"line":2,"column":75}},"2":{"start":{"line":2,"column":28},"end":{"line":2,"column":75}},"3":{"start":{"line":3,"column":2},"end":{"line":9,"column":3}},"4":{"start":{"line":4,"column":4},"end":{"line":8,"column":16}},"5":{"start":{"line":5,"column":20},"end":{"line":5,"column":71}},"6":{"start":{"line":5,"column":55},"end":{"line":5,"column":70}},"7":{"start":{"line":6,"column":6},"end":{"line":6,"column":53}},"8":{"start":{"line":7,"column":6},"end":{"line":7,"column":17}},"9":{"start":{"line":10,"column":2},"end":{"line":10,"column":20}}},"fnMap":{"0":{"name":"snakeToCamel","decl":{"start":{"line":1,"column":16},"end":{"line":1,"column":28}},"loc":{"start":{"line":1,"column":42},"end":{"line":11,"column":1}}},"1":{"name":"(anonymous_1)","decl":{"start":{"line":4,"column":37},"end":{"line":4,"column":38}},"loc":{"start":{"line":4,"column":55},"end":{"line":8,"column":5}}},"2":{"name":"(anonymous_2)","decl":{"start":{"line":5,"column":45},"end":{"line":5,"column":46}},"loc":{"start":{"line":5,"column":55},"end":{"line":5,"column":70}}}},"branchMap":{"0":{"loc":{"start":{"line":2,"column":2},"end":{"line":2,"column":75}},"type":"if","locations":[{"start":{"line":2,"column":2},"end":{"line":2,"column":75}},{"start":{},"end":{}}]},"1":{"loc":{"start":{"line":3,"column":2},"end":{"line":9,"column":3}},"type":"if","locations":[{"start":{"line":3,"column":2},"end":{"line":9,"column":3}},{"start":{},"end":{}}]},"2":{"loc":{"start":{"line":3,"column":6},"end":{"line":3,"column":40}},"type":"binary-expr","locations":[{"start":{"line":3,"column":6},"end":{"line":3,"column":11}},{"start":{"line":3,"column":15},"end":{"line":3,"column":40}}]}},"s":{"0":0,"1":0,"2":0,"3":0,"4":0,"5":0,"6":0,"7":0,"8":0,"9":0},"f":{"0":0,"1":0,"2":0},"b":{"0":[0,0],"1":[0,0],"2":[0,0]}}
}
